[debug] [2024-02-17T13:52:03.846Z] ----------------------------------------------------------------------
[debug] [2024-02-17T13:52:03.850Z] Command:       C:\Program Files\nodejs\node.exe C:\Users\sreej\AppData\Roaming\npm\node_modules\firebase-tools\lib\bin\firebase.js init
[debug] [2024-02-17T13:52:03.851Z] CLI Version:   13.3.0
[debug] [2024-02-17T13:52:03.851Z] Platform:      win32
[debug] [2024-02-17T13:52:03.851Z] Node Version:  v20.10.0
[debug] [2024-02-17T13:52:03.851Z] Time:          Sat Feb 17 2024 19:22:03 GMT+0530 (India Standard Time)
[debug] [2024-02-17T13:52:03.851Z] ----------------------------------------------------------------------
[debug] 
[debug] [2024-02-17T13:52:03.855Z] >>> [apiv2][query] GET https://firebase-public.firebaseio.com/cli.json [none]
[debug] [2024-02-17T13:52:03.931Z] > command requires scopes: ["email","openid","https://www.googleapis.com/auth/cloudplatformprojects.readonly","https://www.googleapis.com/auth/firebase","https://www.googleapis.com/auth/cloud-platform"]
[debug] [2024-02-17T13:52:03.932Z] > authorizing via signed-in user (sreejithsp711@gmail.com)
[info] 
     ######## #### ########  ######## ########     ###     ######  ########
     ##        ##  ##     ## ##       ##     ##  ##   ##  ##       ##
     ######    ##  ########  ######   ########  #########  ######  ######
     ##        ##  ##    ##  ##       ##     ## ##     ##       ## ##
     ##       #### ##     ## ######## ########  ##     ##  ######  ########

You're about to initialize a Firebase project in this directory:

  D:\workspace\DevWorks\dev works (jan 24)\growxx\todo

[debug] [2024-02-17T13:52:04.587Z] <<< [apiv2][status] GET https://firebase-public.firebaseio.com/cli.json 200
[debug] [2024-02-17T13:52:04.587Z] <<< [apiv2][body] GET https://firebase-public.firebaseio.com/cli.json {"cloudBuildErrorAfter":1594252800000,"cloudBuildWarnAfter":1590019200000,"defaultNode10After":1594252800000,"minVersion":"3.0.5","node8DeploysDisabledAfter":1613390400000,"node8RuntimeDisabledAfter":1615809600000,"node8WarnAfter":1600128000000}
